<?xml version="1.0" encoding="UTF-8"?>
<testsuite name="runners.CucumberRunner" time="0.003" tests="11" errors="0" skipped="0" failures="0">
  <properties>
[...]
</properties>
  <testcase name="Given Log in as admin" classname="Scenario: New published Album test" time="0.003"/>
  <testcase name="And Click on Photo Gallery button" classname="Scenario: New published Album test" time="0"/>
  <testcase name="When Click on Albums button" classname="Scenario: New published Album test" time="0"/>
  <testcase name="And click on Add New button" classname="Scenario: New published Album test" time="0"/>
  <testcase name="And User input Album name: &quot;Album1&quot;" classname="Scenario: New published Album test" time="0"/>
  <testcase name="And User input Slug name: &quot;Fun album&quot;" classname="Scenario: New published Album test" time="0"/>
  <testcase name="And User input short description: &quot;Short description&quot;" classname="Scenario: New published Album test" time="0"/>
  <testcase name="When User choses published option: &quot;Yes&quot;" classname="Scenario: New published Album test" time="0"/>
  <testcase name="When User clicks on preview image" classname="Scenario: New published Album test" time="0"/>
  <testcase name="And User adds chosen picture" classname="Scenario: New published Album test" time="0"/>
  <testcase name="Scenario: New published Album test" classname="Scenario: New published Album test" time="0"/>
</testsuite>